<?xml version="1.0" encoding="UTF-8"?>
<!-- Generated by org.testng.reporters.JUnitReportReporter -->
<testsuite skipped="0" hostname="cccnyc02uxa.sompa.iheart.com" name="E2EIntegration.test1" tests="1" failures="0" timestamp="02 Jun 2017 15:47:06 GMT" time="5.718" errors="0">
  <testcase name="test01" time="5.718" classname="E2EIntegration.test1"/>
</testsuite> <!-- E2EIntegration.test1 -->
